23:10:25.189 [main] INFO  testCases.TC_001AccountRegistrationTest - *****Starting TC_001AccountRegistrationTest**** 
23:10:25.811 [main] INFO  testCases.TC_001AccountRegistrationTest - Clicked on My Account link
23:10:26.796 [main] INFO  testCases.TC_001AccountRegistrationTest - Clicked on My Register link
23:10:26.811 [main] INFO  testCases.TC_001AccountRegistrationTest - Providing Customer data
23:10:30.640 [main] INFO  testCases.TC_001AccountRegistrationTest - Clicked Continue
23:10:30.695 [main] INFO  testCases.TC_001AccountRegistrationTest - Validating expected message
23:10:30.698 [main] INFO  testCases.TC_001AccountRegistrationTest - *****Finished TC_001AccountRegistrationTest****
23:14:02.946 [main] DEBUG io.netty.util.internal.logging.InternalLoggerFactory - Using Log4J2 as the default logging framework
23:14:02.970 [main] DEBUG io.netty.util.ResourceLeakDetector - -Dio.netty.leakDetection.level: simple
23:14:02.970 [main] DEBUG io.netty.util.ResourceLeakDetector - -Dio.netty.leakDetection.targetRecords: 4
23:14:02.976 [main] DEBUG io.netty.util.ResourceLeakDetectorFactory - Loaded default ResourceLeakDetector: io.netty.util.ResourceLeakDetector@29be7749
23:14:03.005 [main] DEBUG io.netty.util.internal.PlatformDependent0 - -Dio.netty.noUnsafe: false
23:14:03.005 [main] DEBUG io.netty.util.internal.PlatformDependent0 - Java version: 18
23:14:03.006 [main] DEBUG io.netty.util.internal.PlatformDependent0 - sun.misc.Unsafe.theUnsafe: available
23:14:03.007 [main] DEBUG io.netty.util.internal.PlatformDependent0 - sun.misc.Unsafe.copyMemory: available
23:14:03.008 [main] DEBUG io.netty.util.internal.PlatformDependent0 - sun.misc.Unsafe.storeFence: available
23:14:03.008 [main] DEBUG io.netty.util.internal.PlatformDependent0 - java.nio.Buffer.address: available
23:14:03.009 [main] DEBUG io.netty.util.internal.PlatformDependent0 - direct buffer constructor: unavailable: Reflective setAccessible(true) disabled
23:14:03.010 [main] DEBUG io.netty.util.internal.PlatformDependent0 - java.nio.Bits.unaligned: available, true
23:14:03.012 [main] DEBUG io.netty.util.internal.PlatformDependent0 - jdk.internal.misc.Unsafe.allocateUninitializedArray(int): unavailable: class io.netty.util.internal.PlatformDependent0$7 cannot access class jdk.internal.misc.Unsafe (in module java.base) because module java.base does not export jdk.internal.misc to unnamed module @7ab2bfe1
23:14:03.013 [main] DEBUG io.netty.util.internal.PlatformDependent0 - java.nio.DirectByteBuffer.<init>(long, int): unavailable
23:14:03.013 [main] DEBUG io.netty.util.internal.PlatformDependent - sun.misc.Unsafe: available
23:14:03.014 [main] DEBUG io.netty.util.internal.PlatformDependent - maxDirectMemory: 2665480192 bytes (maybe)
23:14:03.015 [main] DEBUG io.netty.util.internal.PlatformDependent - -Dio.netty.tmpdir: C:\Users\ABHISH~1\AppData\Local\Temp (java.io.tmpdir)
23:14:03.015 [main] DEBUG io.netty.util.internal.PlatformDependent - -Dio.netty.bitMode: 64 (sun.arch.data.model)
23:14:03.016 [main] DEBUG io.netty.util.internal.PlatformDependent - Platform: Windows
23:14:03.017 [main] DEBUG io.netty.util.internal.PlatformDependent - -Dio.netty.maxDirectMemory: -1 bytes
23:14:03.017 [main] DEBUG io.netty.util.internal.PlatformDependent - -Dio.netty.uninitializedArrayAllocationThreshold: -1
23:14:03.019 [main] DEBUG io.netty.util.internal.CleanerJava9 - java.nio.ByteBuffer.cleaner(): available
23:14:03.020 [main] DEBUG io.netty.util.internal.PlatformDependent - -Dio.netty.noPreferDirect: false
23:14:03.037 [main] DEBUG io.netty.util.internal.PlatformDependent - org.jctools-core.MpscChunkedArrayQueue: available
23:14:03.067 [main] DEBUG io.netty.util.internal.InternalThreadLocalMap - -Dio.netty.threadLocalMap.stringBuilder.initialSize: 1024
23:14:03.067 [main] DEBUG io.netty.util.internal.InternalThreadLocalMap - -Dio.netty.threadLocalMap.stringBuilder.maxSize: 4096
23:14:03.160 [main] DEBUG io.netty.handler.ssl.JdkSslContext - Default protocols (JDK): [TLSv1.3, TLSv1.2] 
23:14:03.161 [main] DEBUG io.netty.handler.ssl.JdkSslContext - Default cipher suites (JDK): [TLS_ECDHE_ECDSA_WITH_AES_256_GCM_SHA384, TLS_ECDHE_ECDSA_WITH_AES_128_GCM_SHA256, TLS_ECDHE_RSA_WITH_AES_128_GCM_SHA256, TLS_ECDHE_RSA_WITH_AES_256_GCM_SHA384, TLS_ECDHE_RSA_WITH_AES_128_CBC_SHA, TLS_ECDHE_RSA_WITH_AES_256_CBC_SHA, TLS_RSA_WITH_AES_128_GCM_SHA256, TLS_RSA_WITH_AES_128_CBC_SHA, TLS_RSA_WITH_AES_256_CBC_SHA, TLS_AES_128_GCM_SHA256, TLS_AES_256_GCM_SHA384]
23:14:03.205 [main] DEBUG io.netty.channel.MultithreadEventLoopGroup - -Dio.netty.eventLoopThreads: 8
23:14:03.218 [main] DEBUG io.netty.channel.nio.NioEventLoop - -Dio.netty.noKeySetOptimization: false
23:14:03.218 [main] DEBUG io.netty.channel.nio.NioEventLoop - -Dio.netty.selectorAutoRebuildThreshold: 512
23:14:03.271 [main] DEBUG io.netty.buffer.PooledByteBufAllocator - -Dio.netty.allocator.numHeapArenas: 8
23:14:03.271 [main] DEBUG io.netty.buffer.PooledByteBufAllocator - -Dio.netty.allocator.numDirectArenas: 8
23:14:03.271 [main] DEBUG io.netty.buffer.PooledByteBufAllocator - -Dio.netty.allocator.pageSize: 8192
23:14:03.271 [main] DEBUG io.netty.buffer.PooledByteBufAllocator - -Dio.netty.allocator.maxOrder: 9
23:14:03.271 [main] DEBUG io.netty.buffer.PooledByteBufAllocator - -Dio.netty.allocator.chunkSize: 4194304
23:14:03.271 [main] DEBUG io.netty.buffer.PooledByteBufAllocator - -Dio.netty.allocator.smallCacheSize: 256
23:14:03.271 [main] DEBUG io.netty.buffer.PooledByteBufAllocator - -Dio.netty.allocator.normalCacheSize: 64
23:14:03.272 [main] DEBUG io.netty.buffer.PooledByteBufAllocator - -Dio.netty.allocator.maxCachedBufferCapacity: 32768
23:14:03.272 [main] DEBUG io.netty.buffer.PooledByteBufAllocator - -Dio.netty.allocator.cacheTrimInterval: 8192
23:14:03.272 [main] DEBUG io.netty.buffer.PooledByteBufAllocator - -Dio.netty.allocator.cacheTrimIntervalMillis: 0
23:14:03.272 [main] DEBUG io.netty.buffer.PooledByteBufAllocator - -Dio.netty.allocator.useCacheForAllThreads: false
23:14:03.272 [main] DEBUG io.netty.buffer.PooledByteBufAllocator - -Dio.netty.allocator.maxCachedByteBuffersPerChunk: 1023
23:14:03.288 [main] DEBUG io.netty.buffer.ByteBufUtil - -Dio.netty.allocator.type: pooled
23:14:03.288 [main] DEBUG io.netty.buffer.ByteBufUtil - -Dio.netty.threadLocalDirectBufferSize: 0
23:14:03.288 [main] DEBUG io.netty.buffer.ByteBufUtil - -Dio.netty.maxThreadLocalCharBufferSize: 16384
23:14:03.738 [Forwarding newSession on session null to remote] DEBUG io.netty.channel.DefaultChannelId - -Dio.netty.processId: 8256 (auto-detected)
23:14:03.743 [Forwarding newSession on session null to remote] DEBUG io.netty.util.NetUtil - -Djava.net.preferIPv4Stack: false
23:14:03.743 [Forwarding newSession on session null to remote] DEBUG io.netty.util.NetUtil - -Djava.net.preferIPv6Addresses: false
23:14:03.759 [Forwarding newSession on session null to remote] DEBUG io.netty.util.NetUtilInitializations - Loopback interface: lo (Software Loopback Interface 1, 127.0.0.1)
23:14:03.762 [Forwarding newSession on session null to remote] DEBUG io.netty.util.NetUtil - Failed to get SOMAXCONN from sysctl and file \proc\sys\net\core\somaxconn. Default: 200
23:14:03.797 [Forwarding newSession on session null to remote] DEBUG io.netty.channel.DefaultChannelId - -Dio.netty.machineId: 30:3a:64:ff:fe:95:f9:93 (auto-detected)
23:14:03.878 [AsyncHttpClient-1-2] DEBUG io.netty.buffer.AbstractByteBuf - -Dio.netty.buffer.checkAccessible: true
23:14:03.878 [AsyncHttpClient-1-2] DEBUG io.netty.buffer.AbstractByteBuf - -Dio.netty.buffer.checkBounds: true
23:14:03.879 [AsyncHttpClient-1-2] DEBUG io.netty.util.ResourceLeakDetectorFactory - Loaded default ResourceLeakDetector: io.netty.util.ResourceLeakDetector@47acb978
23:14:03.926 [AsyncHttpClient-1-2] DEBUG io.netty.util.Recycler - -Dio.netty.recycler.maxCapacityPerThread: 4096
23:14:03.927 [AsyncHttpClient-1-2] DEBUG io.netty.util.Recycler - -Dio.netty.recycler.ratio: 8
23:14:03.927 [AsyncHttpClient-1-2] DEBUG io.netty.util.Recycler - -Dio.netty.recycler.chunkSize: 32
23:14:03.927 [AsyncHttpClient-1-2] DEBUG io.netty.util.Recycler - -Dio.netty.recycler.blocking: false
23:14:05.000 [AsyncHttpClient-1-2] DEBUG io.netty.handler.codec.compression.Brotli - brotli4j not in the classpath; Brotli support will be unavailable.
23:14:05.246 [main] DEBUG io.netty.util.internal.ThreadLocalRandom - -Dio.netty.initialSeedUniquifier: 0x9cdd57fd5daccc55
23:14:06.429 [main] INFO  testCases.TC_001AccountRegistrationTest - *****Starting TC_001AccountRegistrationTest**** 
23:14:07.045 [main] INFO  testCases.TC_001AccountRegistrationTest - Clicked on My Account link
23:14:07.692 [main] INFO  testCases.TC_001AccountRegistrationTest - Clicked on My Register link
23:14:07.713 [main] INFO  testCases.TC_001AccountRegistrationTest - Providing Customer data
23:14:11.367 [main] INFO  testCases.TC_001AccountRegistrationTest - Clicked Continue
23:14:11.420 [main] INFO  testCases.TC_001AccountRegistrationTest - Validating expected message
23:14:11.423 [main] INFO  testCases.TC_001AccountRegistrationTest - *****Finished TC_001AccountRegistrationTest****
23:19:53.221 [main] DEBUG io.netty.util.internal.logging.InternalLoggerFactory - Using Log4J2 as the default logging framework
23:19:53.235 [main] DEBUG io.netty.util.ResourceLeakDetector - -Dio.netty.leakDetection.level: simple
23:19:53.235 [main] DEBUG io.netty.util.ResourceLeakDetector - -Dio.netty.leakDetection.targetRecords: 4
23:19:53.243 [main] DEBUG io.netty.util.ResourceLeakDetectorFactory - Loaded default ResourceLeakDetector: io.netty.util.ResourceLeakDetector@2b97cc1f
23:19:53.275 [main] DEBUG io.netty.util.internal.PlatformDependent0 - -Dio.netty.noUnsafe: false
23:19:53.275 [main] DEBUG io.netty.util.internal.PlatformDependent0 - Java version: 18
23:19:53.277 [main] DEBUG io.netty.util.internal.PlatformDependent0 - sun.misc.Unsafe.theUnsafe: available
23:19:53.278 [main] DEBUG io.netty.util.internal.PlatformDependent0 - sun.misc.Unsafe.copyMemory: available
23:19:53.279 [main] DEBUG io.netty.util.internal.PlatformDependent0 - sun.misc.Unsafe.storeFence: available
23:19:53.281 [main] DEBUG io.netty.util.internal.PlatformDependent0 - java.nio.Buffer.address: available
23:19:53.282 [main] DEBUG io.netty.util.internal.PlatformDependent0 - direct buffer constructor: unavailable: Reflective setAccessible(true) disabled
23:19:53.284 [main] DEBUG io.netty.util.internal.PlatformDependent0 - java.nio.Bits.unaligned: available, true
23:19:53.286 [main] DEBUG io.netty.util.internal.PlatformDependent0 - jdk.internal.misc.Unsafe.allocateUninitializedArray(int): unavailable: class io.netty.util.internal.PlatformDependent0$7 cannot access class jdk.internal.misc.Unsafe (in module java.base) because module java.base does not export jdk.internal.misc to unnamed module @7ab2bfe1
23:19:53.289 [main] DEBUG io.netty.util.internal.PlatformDependent0 - java.nio.DirectByteBuffer.<init>(long, int): unavailable
23:19:53.289 [main] DEBUG io.netty.util.internal.PlatformDependent - sun.misc.Unsafe: available
23:19:53.291 [main] DEBUG io.netty.util.internal.PlatformDependent - maxDirectMemory: 2665480192 bytes (maybe)
23:19:53.292 [main] DEBUG io.netty.util.internal.PlatformDependent - -Dio.netty.tmpdir: C:\Users\ABHISH~1\AppData\Local\Temp (java.io.tmpdir)
23:19:53.292 [main] DEBUG io.netty.util.internal.PlatformDependent - -Dio.netty.bitMode: 64 (sun.arch.data.model)
23:19:53.293 [main] DEBUG io.netty.util.internal.PlatformDependent - Platform: Windows
23:19:53.295 [main] DEBUG io.netty.util.internal.PlatformDependent - -Dio.netty.maxDirectMemory: -1 bytes
23:19:53.295 [main] DEBUG io.netty.util.internal.PlatformDependent - -Dio.netty.uninitializedArrayAllocationThreshold: -1
23:19:53.299 [main] DEBUG io.netty.util.internal.CleanerJava9 - java.nio.ByteBuffer.cleaner(): available
23:19:53.300 [main] DEBUG io.netty.util.internal.PlatformDependent - -Dio.netty.noPreferDirect: false
23:19:53.314 [main] DEBUG io.netty.util.internal.PlatformDependent - org.jctools-core.MpscChunkedArrayQueue: available
23:19:53.353 [main] DEBUG io.netty.util.internal.InternalThreadLocalMap - -Dio.netty.threadLocalMap.stringBuilder.initialSize: 1024
23:19:53.353 [main] DEBUG io.netty.util.internal.InternalThreadLocalMap - -Dio.netty.threadLocalMap.stringBuilder.maxSize: 4096
23:19:53.468 [main] DEBUG io.netty.handler.ssl.JdkSslContext - Default protocols (JDK): [TLSv1.3, TLSv1.2] 
23:19:53.468 [main] DEBUG io.netty.handler.ssl.JdkSslContext - Default cipher suites (JDK): [TLS_ECDHE_ECDSA_WITH_AES_256_GCM_SHA384, TLS_ECDHE_ECDSA_WITH_AES_128_GCM_SHA256, TLS_ECDHE_RSA_WITH_AES_128_GCM_SHA256, TLS_ECDHE_RSA_WITH_AES_256_GCM_SHA384, TLS_ECDHE_RSA_WITH_AES_128_CBC_SHA, TLS_ECDHE_RSA_WITH_AES_256_CBC_SHA, TLS_RSA_WITH_AES_128_GCM_SHA256, TLS_RSA_WITH_AES_128_CBC_SHA, TLS_RSA_WITH_AES_256_CBC_SHA, TLS_AES_128_GCM_SHA256, TLS_AES_256_GCM_SHA384]
23:19:53.523 [main] DEBUG io.netty.channel.MultithreadEventLoopGroup - -Dio.netty.eventLoopThreads: 8
23:19:53.550 [main] DEBUG io.netty.channel.nio.NioEventLoop - -Dio.netty.noKeySetOptimization: false
23:19:53.553 [main] DEBUG io.netty.channel.nio.NioEventLoop - -Dio.netty.selectorAutoRebuildThreshold: 512
23:19:53.619 [main] DEBUG io.netty.buffer.PooledByteBufAllocator - -Dio.netty.allocator.numHeapArenas: 8
23:19:53.620 [main] DEBUG io.netty.buffer.PooledByteBufAllocator - -Dio.netty.allocator.numDirectArenas: 8
23:19:53.620 [main] DEBUG io.netty.buffer.PooledByteBufAllocator - -Dio.netty.allocator.pageSize: 8192
23:19:53.621 [main] DEBUG io.netty.buffer.PooledByteBufAllocator - -Dio.netty.allocator.maxOrder: 9
23:19:53.622 [main] DEBUG io.netty.buffer.PooledByteBufAllocator - -Dio.netty.allocator.chunkSize: 4194304
23:19:53.622 [main] DEBUG io.netty.buffer.PooledByteBufAllocator - -Dio.netty.allocator.smallCacheSize: 256
23:19:53.622 [main] DEBUG io.netty.buffer.PooledByteBufAllocator - -Dio.netty.allocator.normalCacheSize: 64
23:19:53.623 [main] DEBUG io.netty.buffer.PooledByteBufAllocator - -Dio.netty.allocator.maxCachedBufferCapacity: 32768
23:19:53.623 [main] DEBUG io.netty.buffer.PooledByteBufAllocator - -Dio.netty.allocator.cacheTrimInterval: 8192
23:19:53.624 [main] DEBUG io.netty.buffer.PooledByteBufAllocator - -Dio.netty.allocator.cacheTrimIntervalMillis: 0
23:19:53.624 [main] DEBUG io.netty.buffer.PooledByteBufAllocator - -Dio.netty.allocator.useCacheForAllThreads: false
23:19:53.624 [main] DEBUG io.netty.buffer.PooledByteBufAllocator - -Dio.netty.allocator.maxCachedByteBuffersPerChunk: 1023
23:19:53.641 [main] DEBUG io.netty.buffer.ByteBufUtil - -Dio.netty.allocator.type: pooled
23:19:53.641 [main] DEBUG io.netty.buffer.ByteBufUtil - -Dio.netty.threadLocalDirectBufferSize: 0
23:19:53.642 [main] DEBUG io.netty.buffer.ByteBufUtil - -Dio.netty.maxThreadLocalCharBufferSize: 16384
23:19:54.111 [Forwarding newSession on session null to remote] DEBUG io.netty.channel.DefaultChannelId - -Dio.netty.processId: 5448 (auto-detected)
23:19:54.116 [Forwarding newSession on session null to remote] DEBUG io.netty.util.NetUtil - -Djava.net.preferIPv4Stack: false
23:19:54.116 [Forwarding newSession on session null to remote] DEBUG io.netty.util.NetUtil - -Djava.net.preferIPv6Addresses: false
23:19:54.131 [Forwarding newSession on session null to remote] DEBUG io.netty.util.NetUtilInitializations - Loopback interface: lo (Software Loopback Interface 1, 127.0.0.1)
23:19:54.133 [Forwarding newSession on session null to remote] DEBUG io.netty.util.NetUtil - Failed to get SOMAXCONN from sysctl and file \proc\sys\net\core\somaxconn. Default: 200
23:19:54.176 [Forwarding newSession on session null to remote] DEBUG io.netty.channel.DefaultChannelId - -Dio.netty.machineId: 30:3a:64:ff:fe:95:f9:93 (auto-detected)
23:19:54.266 [AsyncHttpClient-1-2] DEBUG io.netty.buffer.AbstractByteBuf - -Dio.netty.buffer.checkAccessible: true
23:19:54.267 [AsyncHttpClient-1-2] DEBUG io.netty.buffer.AbstractByteBuf - -Dio.netty.buffer.checkBounds: true
23:19:54.267 [AsyncHttpClient-1-2] DEBUG io.netty.util.ResourceLeakDetectorFactory - Loaded default ResourceLeakDetector: io.netty.util.ResourceLeakDetector@47acb978
23:19:54.313 [AsyncHttpClient-1-2] DEBUG io.netty.util.Recycler - -Dio.netty.recycler.maxCapacityPerThread: 4096
23:19:54.314 [AsyncHttpClient-1-2] DEBUG io.netty.util.Recycler - -Dio.netty.recycler.ratio: 8
23:19:54.314 [AsyncHttpClient-1-2] DEBUG io.netty.util.Recycler - -Dio.netty.recycler.chunkSize: 32
23:19:54.315 [AsyncHttpClient-1-2] DEBUG io.netty.util.Recycler - -Dio.netty.recycler.blocking: false
23:19:55.516 [AsyncHttpClient-1-2] DEBUG io.netty.handler.codec.compression.Brotli - brotli4j not in the classpath; Brotli support will be unavailable.
23:19:55.775 [main] DEBUG io.netty.util.internal.ThreadLocalRandom - -Dio.netty.initialSeedUniquifier: 0x05bd0b60b23f28de
23:19:57.053 [main] INFO  testCases.TC_001AccountRegistrationTest - *****Starting TC_001AccountRegistrationTest**** 
23:19:57.618 [main] INFO  testCases.TC_001AccountRegistrationTest - Clicked on My Account link
23:19:58.333 [main] INFO  testCases.TC_001AccountRegistrationTest - Clicked on My Register link
23:19:58.344 [main] INFO  testCases.TC_001AccountRegistrationTest - Providing Customer data
23:20:01.980 [main] INFO  testCases.TC_001AccountRegistrationTest - Clicked Continue
23:20:02.035 [main] INFO  testCases.TC_001AccountRegistrationTest - Validating expected message
23:20:02.038 [main] INFO  testCases.TC_001AccountRegistrationTest - *****Finished TC_001AccountRegistrationTest****
23:35:31.579 [main] INFO  testCases.TC_001AccountRegistrationTest - *****Starting TC_001AccountRegistrationTest**** 
23:35:32.137 [main] INFO  testCases.TC_001AccountRegistrationTest - Clicked on My Account link
23:35:32.869 [main] INFO  testCases.TC_001AccountRegistrationTest - Clicked on My Register link
23:35:32.888 [main] INFO  testCases.TC_001AccountRegistrationTest - Providing Customer data
23:35:36.641 [main] INFO  testCases.TC_001AccountRegistrationTest - Clicked Continue
23:35:36.695 [main] INFO  testCases.TC_001AccountRegistrationTest - Validating expected message
23:35:36.700 [main] INFO  testCases.TC_001AccountRegistrationTest - *****Finished TC_001AccountRegistrationTest****
23:51:02.486 [main] INFO  testCases.TC_001AccountRegistrationTest - *****Starting TC_001AccountRegistrationTest**** 
23:51:03.111 [main] INFO  testCases.TC_001AccountRegistrationTest - Clicked on My Account link
23:51:03.853 [main] INFO  testCases.TC_001AccountRegistrationTest - Clicked on My Register link
23:51:03.862 [main] INFO  testCases.TC_001AccountRegistrationTest - Providing Customer data
23:51:07.520 [main] INFO  testCases.TC_001AccountRegistrationTest - Clicked Continue
23:51:07.579 [main] INFO  testCases.TC_001AccountRegistrationTest - Validating expected message
23:51:07.609 [main] INFO  testCases.TC_001AccountRegistrationTest - *****Finished TC_001AccountRegistrationTest****
23:51:49.960 [main] INFO  testCases.TC_001AccountRegistrationTest - *****Starting TC_001AccountRegistrationTest**** 
23:51:50.496 [main] INFO  testCases.TC_001AccountRegistrationTest - Clicked on My Account link
23:51:51.174 [main] INFO  testCases.TC_001AccountRegistrationTest - Clicked on My Register link
23:51:51.190 [main] INFO  testCases.TC_001AccountRegistrationTest - Providing Customer data
23:51:54.810 [main] INFO  testCases.TC_001AccountRegistrationTest - Clicked Continue
23:51:54.871 [main] INFO  testCases.TC_001AccountRegistrationTest - Validating expected message
23:51:54.875 [main] INFO  testCases.TC_001AccountRegistrationTest - *****Finished TC_001AccountRegistrationTest****
23:52:34.282 [main] INFO  testCases.TC_001AccountRegistrationTest - *****Starting TC_001AccountRegistrationTest**** 
23:52:34.986 [main] INFO  testCases.TC_001AccountRegistrationTest - Clicked on My Account link
23:52:35.787 [main] INFO  testCases.TC_001AccountRegistrationTest - Clicked on My Register link
23:52:35.804 [main] INFO  testCases.TC_001AccountRegistrationTest - Providing Customer data
23:52:39.597 [main] INFO  testCases.TC_001AccountRegistrationTest - Clicked Continue
23:52:39.699 [main] INFO  testCases.TC_001AccountRegistrationTest - Validating expected message
23:52:39.704 [main] INFO  testCases.TC_001AccountRegistrationTest - *****Finished TC_001AccountRegistrationTest****
23:55:16.014 [main] INFO  testCases.TC_001AccountRegistrationTest - *****Starting TC_001AccountRegistrationTest**** 
23:55:16.615 [main] INFO  testCases.TC_001AccountRegistrationTest - Clicked on My Account link
23:55:17.344 [main] INFO  testCases.TC_001AccountRegistrationTest - Clicked on My Register link
23:55:17.367 [main] INFO  testCases.TC_001AccountRegistrationTest - Providing Customer data
23:55:20.976 [main] INFO  testCases.TC_001AccountRegistrationTest - Clicked Continue
23:55:21.038 [main] INFO  testCases.TC_001AccountRegistrationTest - Validating expected message
23:55:21.042 [main] INFO  testCases.TC_001AccountRegistrationTest - *****Finished TC_001AccountRegistrationTest****
23:55:59.905 [main] INFO  testCases.TC_001AccountRegistrationTest - *****Starting TC_001AccountRegistrationTest**** 
23:56:00.532 [main] INFO  testCases.TC_001AccountRegistrationTest - Clicked on My Account link
23:56:01.226 [main] INFO  testCases.TC_001AccountRegistrationTest - Clicked on My Register link
23:56:01.244 [main] INFO  testCases.TC_001AccountRegistrationTest - Providing Customer data
23:56:05.070 [main] INFO  testCases.TC_001AccountRegistrationTest - Clicked Continue
23:56:05.129 [main] INFO  testCases.TC_001AccountRegistrationTest - Validating expected message
23:56:05.133 [main] INFO  testCases.TC_001AccountRegistrationTest - *****Finished TC_001AccountRegistrationTest****
23:58:49.657 [main] INFO  testCases.TC_001AccountRegistrationTest - *****Starting TC_001AccountRegistrationTest**** 
23:58:50.260 [main] INFO  testCases.TC_001AccountRegistrationTest - Clicked on My Account link
23:58:50.939 [main] INFO  testCases.TC_001AccountRegistrationTest - Clicked on My Register link
23:58:50.972 [main] INFO  testCases.TC_001AccountRegistrationTest - Providing Customer data
23:58:54.673 [main] INFO  testCases.TC_001AccountRegistrationTest - Clicked Continue
23:58:54.739 [main] INFO  testCases.TC_001AccountRegistrationTest - Validating expected message
23:58:54.773 [main] INFO  testCases.TC_001AccountRegistrationTest - *****Finished TC_001AccountRegistrationTest****
00:00:52.053 [main] INFO  testCases.TC_001AccountRegistrationTest - *****Starting TC_001AccountRegistrationTest**** 
00:00:52.216 [main] INFO  testCases.TC_001AccountRegistrationTest - Clicked on My Account link
00:00:53.064 [main] INFO  testCases.TC_001AccountRegistrationTest - Clicked on My Register link
00:00:53.083 [main] INFO  testCases.TC_001AccountRegistrationTest - Providing Customer data
00:00:56.835 [main] INFO  testCases.TC_001AccountRegistrationTest - Clicked Continue
00:00:56.939 [main] INFO  testCases.TC_001AccountRegistrationTest - Validating expected message
00:00:56.943 [main] INFO  testCases.TC_001AccountRegistrationTest - *****Finished TC_001AccountRegistrationTest****
00:05:03.213 [main] INFO  testCases.TC_001AccountRegistrationTest - *****Starting TC_001AccountRegistrationTest**** 
00:05:03.388 [main] INFO  testCases.TC_001AccountRegistrationTest - Clicked on My Account link
00:05:04.231 [main] INFO  testCases.TC_001AccountRegistrationTest - Clicked on My Register link
00:05:04.267 [main] INFO  testCases.TC_001AccountRegistrationTest - Providing Customer data
00:05:05.556 [main] INFO  testCases.TC_001AccountRegistrationTest - Clicked Continue
00:05:10.103 [main] INFO  testCases.TC_001AccountRegistrationTest - Validating expected message
00:06:18.465 [main] INFO  testCases.TC_001AccountRegistrationTest - *****Starting TC_001AccountRegistrationTest**** 
00:06:18.691 [main] INFO  testCases.TC_001AccountRegistrationTest - Clicked on My Account link
00:06:19.408 [main] INFO  testCases.TC_001AccountRegistrationTest - Clicked on My Register link
00:06:19.425 [main] INFO  testCases.TC_001AccountRegistrationTest - Providing Customer data
00:17:20.171 [main] INFO  testCases.TC_001AccountRegistrationTest - *****Starting TC_001AccountRegistrationTest**** 
00:17:20.393 [main] INFO  testCases.TC_001AccountRegistrationTest - Clicked on My Account link
00:17:21.166 [main] INFO  testCases.TC_001AccountRegistrationTest - Clicked on My Register link
00:17:21.183 [main] INFO  testCases.TC_001AccountRegistrationTest - Providing Customer data
00:55:29.404 [main] INFO  testCases.TC_001AccountRegistrationTest - *****Starting TC_001AccountRegistrationTest**** 
00:55:30.036 [main] INFO  testCases.TC_001AccountRegistrationTest - Clicked on My Account link
00:55:30.898 [main] INFO  testCases.TC_001AccountRegistrationTest - Clicked on My Register link
00:55:30.923 [main] INFO  testCases.TC_001AccountRegistrationTest - Providing Customer data
00:55:34.643 [main] INFO  testCases.TC_001AccountRegistrationTest - Clicked Continue
00:55:34.712 [main] INFO  testCases.TC_001AccountRegistrationTest - Validating expected message
00:55:34.716 [main] INFO  testCases.TC_001AccountRegistrationTest - *****Finished TC_001AccountRegistrationTest****
01:06:36.211 [TestNG-tests-1] INFO  testCases.TC_001AccountRegistrationTest - *****Starting TC_001AccountRegistrationTest**** 
01:06:36.343 [TestNG-tests-1] INFO  testCases.TC_001AccountRegistrationTest - Clicked on My Account link
01:06:37.088 [TestNG-tests-1] INFO  testCases.TC_001AccountRegistrationTest - Clicked on My Register link
01:06:37.097 [TestNG-tests-1] INFO  testCases.TC_001AccountRegistrationTest - Providing Customer data
01:06:40.843 [TestNG-tests-1] INFO  testCases.TC_001AccountRegistrationTest - Clicked Continue
01:06:40.909 [TestNG-tests-1] INFO  testCases.TC_001AccountRegistrationTest - Validating expected message
01:06:40.913 [TestNG-tests-1] INFO  testCases.TC_001AccountRegistrationTest - *****Finished TC_001AccountRegistrationTest****
01:06:44.472 [TestNG-tests-2] INFO  testCases.TC_001AccountRegistrationTest - *****Starting TC_001AccountRegistrationTest**** 
01:06:44.680 [TestNG-tests-2] INFO  testCases.TC_001AccountRegistrationTest - Clicked on My Account link
01:06:45.870 [TestNG-tests-2] INFO  testCases.TC_001AccountRegistrationTest - Clicked on My Register link
01:06:45.873 [TestNG-tests-2] INFO  testCases.TC_001AccountRegistrationTest - Providing Customer data
01:06:49.493 [TestNG-tests-2] INFO  testCases.TC_001AccountRegistrationTest - Clicked Continue
01:06:49.556 [TestNG-tests-2] INFO  testCases.TC_001AccountRegistrationTest - Validating expected message
01:06:49.557 [TestNG-tests-2] INFO  testCases.TC_001AccountRegistrationTest - *****Finished TC_001AccountRegistrationTest****
01:07:58.469 [TestNG-tests-1] INFO  testCases.TC_001AccountRegistrationTest - *****Starting TC_001AccountRegistrationTest**** 
01:07:59.027 [TestNG-tests-1] INFO  testCases.TC_001AccountRegistrationTest - Clicked on My Account link
01:07:59.708 [TestNG-tests-2] INFO  testCases.TC_001AccountRegistrationTest - *****Starting TC_001AccountRegistrationTest**** 
01:08:00.197 [TestNG-tests-2] INFO  testCases.TC_001AccountRegistrationTest - Clicked on My Account link
01:08:00.758 [TestNG-tests-1] INFO  testCases.TC_001AccountRegistrationTest - Clicked on My Register link
01:08:00.767 [TestNG-tests-1] INFO  testCases.TC_001AccountRegistrationTest - Providing Customer data
01:08:01.699 [TestNG-tests-2] INFO  testCases.TC_001AccountRegistrationTest - Clicked on My Register link
01:08:01.702 [TestNG-tests-2] INFO  testCases.TC_001AccountRegistrationTest - Providing Customer data
01:08:05.607 [TestNG-tests-1] INFO  testCases.TC_001AccountRegistrationTest - Clicked Continue
01:08:05.705 [TestNG-tests-1] INFO  testCases.TC_001AccountRegistrationTest - Validating expected message
01:08:05.712 [TestNG-tests-1] INFO  testCases.TC_001AccountRegistrationTest - *****Finished TC_001AccountRegistrationTest****
01:08:06.101 [TestNG-tests-2] INFO  testCases.TC_001AccountRegistrationTest - Clicked Continue
01:08:06.155 [TestNG-tests-2] INFO  testCases.TC_001AccountRegistrationTest - Validating expected message
01:08:06.155 [TestNG-tests-2] INFO  testCases.TC_001AccountRegistrationTest - *****Finished TC_001AccountRegistrationTest****
01:39:01.938 [main] INFO  testCases.TC_001AccountRegistrationTest - *****Starting TC_001AccountRegistrationTest**** 
01:39:02.515 [main] INFO  testCases.TC_001AccountRegistrationTest - Clicked on My Account link
01:39:03.283 [main] INFO  testCases.TC_001AccountRegistrationTest - Clicked on My Register link
01:39:03.294 [main] INFO  testCases.TC_001AccountRegistrationTest - Providing Customer data
01:39:07.096 [main] INFO  testCases.TC_001AccountRegistrationTest - Clicked Continue
01:39:07.164 [main] INFO  testCases.TC_001AccountRegistrationTest - Validating expected message
01:39:07.172 [main] INFO  testCases.TC_001AccountRegistrationTest - *****Finished TC_001AccountRegistrationTest****
13:38:27.465 [main] INFO  testCases.TC_001AccountRegistrationTest - *****Starting TC_001AccountRegistrationTest**** 
13:38:28.030 [main] INFO  testCases.TC_001AccountRegistrationTest - Clicked on My Account link
13:38:29.122 [main] INFO  testCases.TC_001AccountRegistrationTest - Clicked on My Register link
13:38:29.133 [main] INFO  testCases.TC_001AccountRegistrationTest - Providing Customer data
13:38:33.346 [main] INFO  testCases.TC_001AccountRegistrationTest - Clicked Continue
13:38:33.427 [main] INFO  testCases.TC_001AccountRegistrationTest - Validating expected message
13:38:33.430 [main] INFO  testCases.TC_001AccountRegistrationTest - *****Finished TC_001AccountRegistrationTest****
13:42:05.938 [main] INFO  testCases.TC_001AccountRegistrationTest - *****Starting TC_001AccountRegistrationTest**** 
13:42:06.540 [main] INFO  testCases.TC_001AccountRegistrationTest - Clicked on My Account link
13:42:07.220 [main] INFO  testCases.TC_001AccountRegistrationTest - Clicked on My Register link
13:42:07.235 [main] INFO  testCases.TC_001AccountRegistrationTest - Providing Customer data
13:42:10.955 [main] INFO  testCases.TC_001AccountRegistrationTest - Clicked Continue
13:42:11.012 [main] INFO  testCases.TC_001AccountRegistrationTest - Validating expected message
13:42:11.014 [main] INFO  testCases.TC_001AccountRegistrationTest - *****Finished TC_001AccountRegistrationTest****
13:50:20.352 [main] INFO  testCases.TC_001AccountRegistrationTest - *****Starting TC_001AccountRegistrationTest**** 
13:50:20.904 [main] INFO  testCases.TC_001AccountRegistrationTest - Clicked on My Account link
13:50:21.597 [main] INFO  testCases.TC_001AccountRegistrationTest - Clicked on My Register link
13:50:21.613 [main] INFO  testCases.TC_001AccountRegistrationTest - Providing Customer data
13:50:23.012 [main] INFO  testCases.TC_001AccountRegistrationTest - Clicked Continue
13:50:33.093 [main] INFO  testCases.TC_001AccountRegistrationTest - Validating expected message
13:55:32.270 [main] INFO  testCases.TC_001AccountRegistrationTest - *****Starting TC_001AccountRegistrationTest**** 
13:55:32.683 [main] INFO  testCases.TC_001AccountRegistrationTest - Clicked on My Account link
13:55:33.382 [main] INFO  testCases.TC_001AccountRegistrationTest - Clicked on My Register link
13:55:33.388 [main] INFO  testCases.TC_001AccountRegistrationTest - Providing Customer data
13:55:34.655 [main] INFO  testCases.TC_001AccountRegistrationTest - Clicked Continue
13:55:44.721 [main] INFO  testCases.TC_001AccountRegistrationTest - Validating expected message
16:23:30.861 [main] INFO  testCases.TC_001AccountRegistrationTest - *****Starting TC_001AccountRegistrationTest**** 
16:23:31.464 [main] INFO  testCases.TC_001AccountRegistrationTest - Clicked on My Account link
16:23:32.167 [main] INFO  testCases.TC_001AccountRegistrationTest - Clicked on My Register link
16:23:32.189 [main] INFO  testCases.TC_001AccountRegistrationTest - Providing Customer data
16:23:35.845 [main] INFO  testCases.TC_001AccountRegistrationTest - Clicked Continue
16:23:35.901 [main] INFO  testCases.TC_001AccountRegistrationTest - Validating expected message
16:23:35.904 [main] INFO  testCases.TC_001AccountRegistrationTest - *****Finished TC_001AccountRegistrationTest****
16:27:32.071 [main] INFO  testCases.TC_001AccountRegistrationTest - *****Starting TC_001AccountRegistrationTest**** 
16:27:32.618 [main] INFO  testCases.TC_001AccountRegistrationTest - Clicked on My Account link
16:27:33.319 [main] INFO  testCases.TC_001AccountRegistrationTest - Clicked on My Register link
16:27:33.342 [main] INFO  testCases.TC_001AccountRegistrationTest - Providing Customer data
16:27:34.729 [main] INFO  testCases.TC_001AccountRegistrationTest - Clicked Continue
16:27:44.789 [main] INFO  testCases.TC_001AccountRegistrationTest - Validating expected message
23:27:22.247 [main] INFO  testCases.TC_002_LoginTest - ****Starting TC_002_LoginTest *****
23:27:22.642 [main] INFO  testCases.TC_002_LoginTest - Clicked on My Account
23:27:23.240 [main] INFO  testCases.TC_002_LoginTest - Clicked on Login Link
23:27:23.257 [main] INFO  testCases.TC_002_LoginTest - Providing login details
23:27:24.188 [main] INFO  testCases.TC_002_LoginTest - Clicked on Login button
23:28:42.995 [main] INFO  testCases.TC_002_LoginTest - ****Starting TC_002_LoginTest *****
23:28:43.284 [main] INFO  testCases.TC_002_LoginTest - Clicked on My Account
23:28:43.866 [main] INFO  testCases.TC_002_LoginTest - Clicked on Login Link
23:28:43.869 [main] INFO  testCases.TC_002_LoginTest - Providing login details
23:28:44.863 [main] INFO  testCases.TC_002_LoginTest - Clicked on Login button
23:31:09.954 [main] INFO  testCases.TC_002_LoginTest - ****Starting TC_002_LoginTest *****
23:31:10.581 [main] INFO  testCases.TC_002_LoginTest - Clicked on My Account
23:31:11.199 [main] INFO  testCases.TC_002_LoginTest - Clicked on Login Link
23:31:11.203 [main] INFO  testCases.TC_002_LoginTest - Providing login details
23:31:12.155 [main] INFO  testCases.TC_002_LoginTest - Clicked on Login button
23:31:12.240 [main] INFO  testCases.TC_002_LoginTest - ****Finished TC_002_LoginTest****
14:48:50.386 [main] INFO  testCases.TC_003_LoginDDT - ***Starting test_loginDDT***
14:48:53.883 [main] INFO  testCases.TC_003_LoginDDT - ***Starting test_loginDDT***
14:49:05.458 [main] INFO  testCases.TC_003_LoginDDT - ***Finished test_loginDDT***
14:49:05.471 [main] INFO  testCases.TC_003_LoginDDT - ***Starting test_loginDDT***
14:49:16.806 [main] INFO  testCases.TC_003_LoginDDT - ***Finished test_loginDDT***
14:49:16.816 [main] INFO  testCases.TC_003_LoginDDT - ***Starting test_loginDDT***
14:49:27.989 [main] INFO  testCases.TC_003_LoginDDT - ***Finished test_loginDDT***
14:49:27.996 [main] INFO  testCases.TC_003_LoginDDT - ***Starting test_loginDDT***
14:56:01.353 [main] INFO  testCases.TC_003_LoginDDT - ***Starting test_loginDDT***
14:56:03.986 [main] INFO  testCases.TC_003_LoginDDT - ***Finished test_loginDDT***
14:56:04.021 [main] INFO  testCases.TC_003_LoginDDT - ***Starting test_loginDDT***
14:56:15.547 [main] INFO  testCases.TC_003_LoginDDT - ***Finished test_loginDDT***
14:56:15.552 [main] INFO  testCases.TC_003_LoginDDT - ***Starting test_loginDDT***
14:56:26.938 [main] INFO  testCases.TC_003_LoginDDT - ***Finished test_loginDDT***
14:56:26.947 [main] INFO  testCases.TC_003_LoginDDT - ***Starting test_loginDDT***
14:56:38.204 [main] INFO  testCases.TC_003_LoginDDT - ***Finished test_loginDDT***
14:56:38.212 [main] INFO  testCases.TC_003_LoginDDT - ***Starting test_loginDDT***
18:18:29.945 [main] INFO  testCases.TC_001AccountRegistrationTest - *****Starting TC_001AccountRegistrationTest**** 
18:18:30.075 [main] INFO  testCases.TC_001AccountRegistrationTest - Clicked on My Account link
18:18:31.082 [main] INFO  testCases.TC_001AccountRegistrationTest - Clicked on My Register link
18:18:31.103 [main] INFO  testCases.TC_001AccountRegistrationTest - Providing Customer data
18:18:32.516 [main] INFO  testCases.TC_001AccountRegistrationTest - Clicked Continue
18:18:42.555 [main] INFO  testCases.TC_001AccountRegistrationTest - Validating expected message
18:18:45.955 [main] INFO  testCases.TC_002_LoginTest - ****Starting TC_002_LoginTest *****
18:18:46.562 [main] INFO  testCases.TC_002_LoginTest - Clicked on My Account
18:18:47.126 [main] INFO  testCases.TC_002_LoginTest - Clicked on Login Link
18:18:47.128 [main] INFO  testCases.TC_002_LoginTest - Providing login details
18:18:48.142 [main] INFO  testCases.TC_002_LoginTest - Clicked on Login button
18:18:48.216 [main] INFO  testCases.TC_002_LoginTest - ****Finished TC_002_LoginTest****
18:26:34.509 [main] INFO  testCases.TC_001AccountRegistrationTest - *****Starting TC_001AccountRegistrationTest**** 
18:26:34.811 [main] INFO  testCases.TC_001AccountRegistrationTest - Clicked on My Account link
18:26:35.567 [main] INFO  testCases.TC_001AccountRegistrationTest - Clicked on My Register link
18:26:35.573 [main] INFO  testCases.TC_001AccountRegistrationTest - Providing Customer data
18:26:37.036 [main] INFO  testCases.TC_001AccountRegistrationTest - Clicked Continue
18:26:47.102 [main] INFO  testCases.TC_001AccountRegistrationTest - Validating expected message
18:26:51.187 [main] INFO  testCases.TC_002_LoginTest - ****Starting TC_002_LoginTest *****
18:26:51.650 [main] INFO  testCases.TC_002_LoginTest - Clicked on My Account
18:26:52.268 [main] INFO  testCases.TC_002_LoginTest - Clicked on Login Link
18:26:52.271 [main] INFO  testCases.TC_002_LoginTest - Providing login details
18:26:53.197 [main] INFO  testCases.TC_002_LoginTest - Clicked on Login button
18:26:53.275 [main] INFO  testCases.TC_002_LoginTest - ****Finished TC_002_LoginTest****
18:30:18.708 [main] INFO  testCases.TC_001AccountRegistrationTest - *****Starting TC_001AccountRegistrationTest**** 
18:30:19.260 [main] INFO  testCases.TC_001AccountRegistrationTest - Clicked on My Account link
18:30:20.078 [main] INFO  testCases.TC_001AccountRegistrationTest - Clicked on My Register link
18:30:20.095 [main] INFO  testCases.TC_001AccountRegistrationTest - Providing Customer data
18:30:23.904 [main] INFO  testCases.TC_001AccountRegistrationTest - Clicked Continue
18:30:23.966 [main] INFO  testCases.TC_001AccountRegistrationTest - Validating expected message
18:30:23.969 [main] INFO  testCases.TC_001AccountRegistrationTest - *****Finished TC_001AccountRegistrationTest****
18:30:27.743 [main] INFO  testCases.TC_002_LoginTest - ****Starting TC_002_LoginTest *****
18:30:27.843 [main] INFO  testCases.TC_002_LoginTest - Clicked on My Account
18:30:28.407 [main] INFO  testCases.TC_002_LoginTest - Clicked on Login Link
18:30:28.410 [main] INFO  testCases.TC_002_LoginTest - Providing login details
18:30:29.326 [main] INFO  testCases.TC_002_LoginTest - Clicked on Login button
18:30:29.405 [main] INFO  testCases.TC_002_LoginTest - ****Finished TC_002_LoginTest****
18:36:07.956 [main] INFO  testCases.TC_002_LoginTest - ****Starting TC_002_LoginTest *****
18:36:08.349 [main] INFO  testCases.TC_002_LoginTest - Clicked on My Account
18:36:08.962 [main] INFO  testCases.TC_002_LoginTest - Clicked on Login Link
18:36:08.968 [main] INFO  testCases.TC_002_LoginTest - Providing login details
18:36:09.944 [main] INFO  testCases.TC_002_LoginTest - Clicked on Login button
18:36:10.023 [main] INFO  testCases.TC_002_LoginTest - ****Finished TC_002_LoginTest****
22:02:02.801 [main] INFO  testCases.TC_002_LoginTest - ****Starting TC_002_LoginTest *****
22:02:03.171 [main] INFO  testCases.TC_002_LoginTest - Clicked on My Account
22:02:03.789 [main] INFO  testCases.TC_002_LoginTest - Clicked on Login Link
22:02:03.797 [main] INFO  testCases.TC_002_LoginTest - Providing login details
22:02:04.751 [main] INFO  testCases.TC_002_LoginTest - Clicked on Login button
22:02:04.826 [main] INFO  testCases.TC_002_LoginTest - ****Finished TC_002_LoginTest****
22:03:24.670 [main] INFO  testCases.TC_002_LoginTest - ****Starting TC_002_LoginTest *****
22:03:25.265 [main] INFO  testCases.TC_002_LoginTest - Clicked on My Account
22:03:25.862 [main] INFO  testCases.TC_002_LoginTest - Clicked on Login Link
22:03:25.866 [main] INFO  testCases.TC_002_LoginTest - Providing login details
22:03:26.831 [main] INFO  testCases.TC_002_LoginTest - Clicked on Login button
22:03:26.906 [main] INFO  testCases.TC_002_LoginTest - ****Finished TC_002_LoginTest****
22:06:27.589 [main] INFO  testCases.TC_002_LoginTest - ****Starting TC_002_LoginTest *****
22:06:28.049 [main] INFO  testCases.TC_002_LoginTest - Clicked on My Account
22:06:28.626 [main] INFO  testCases.TC_002_LoginTest - Clicked on Login Link
22:06:28.635 [main] INFO  testCases.TC_002_LoginTest - Providing login details
22:06:29.568 [main] INFO  testCases.TC_002_LoginTest - Clicked on Login button
22:06:29.644 [main] INFO  testCases.TC_002_LoginTest - ****Finished TC_002_LoginTest****
22:07:38.324 [main] INFO  testCases.TC_001AccountRegistrationTest - *****Starting TC_001AccountRegistrationTest**** 
22:07:38.907 [main] INFO  testCases.TC_001AccountRegistrationTest - Clicked on My Account link
22:07:39.566 [main] INFO  testCases.TC_001AccountRegistrationTest - Clicked on My Register link
22:07:39.585 [main] INFO  testCases.TC_001AccountRegistrationTest - Providing Customer data
22:07:43.268 [main] INFO  testCases.TC_001AccountRegistrationTest - Clicked Continue
22:07:43.326 [main] INFO  testCases.TC_001AccountRegistrationTest - Validating expected message
22:07:47.126 [main] INFO  testCases.TC_002_LoginTest - ****Starting TC_002_LoginTest *****
22:07:47.501 [main] INFO  testCases.TC_002_LoginTest - Clicked on My Account
22:07:48.071 [main] INFO  testCases.TC_002_LoginTest - Clicked on Login Link
22:07:48.076 [main] INFO  testCases.TC_002_LoginTest - Providing login details
22:07:48.999 [main] INFO  testCases.TC_002_LoginTest - Clicked on Login button
22:07:49.071 [main] INFO  testCases.TC_002_LoginTest - ****Finished TC_002_LoginTest****
22:09:47.683 [main] INFO  testCases.TC_001AccountRegistrationTest - *****Starting TC_001AccountRegistrationTest**** 
22:09:48.293 [main] INFO  testCases.TC_001AccountRegistrationTest - Clicked on My Account link
22:09:48.983 [main] INFO  testCases.TC_001AccountRegistrationTest - Clicked on My Register link
22:09:49.008 [main] INFO  testCases.TC_001AccountRegistrationTest - Providing Customer data
22:09:52.651 [main] INFO  testCases.TC_001AccountRegistrationTest - Clicked Continue
22:09:52.713 [main] INFO  testCases.TC_001AccountRegistrationTest - Validating expected message
22:10:39.562 [main] INFO  testCases.TC_001AccountRegistrationTest - *****Starting TC_001AccountRegistrationTest**** 
22:10:40.113 [main] INFO  testCases.TC_001AccountRegistrationTest - Clicked on My Account link
22:10:40.905 [main] INFO  testCases.TC_001AccountRegistrationTest - Clicked on My Register link
22:10:40.921 [main] INFO  testCases.TC_001AccountRegistrationTest - Providing Customer data
22:10:44.627 [main] INFO  testCases.TC_001AccountRegistrationTest - Clicked Continue
22:10:44.682 [main] INFO  testCases.TC_001AccountRegistrationTest - Validating expected message
22:10:44.684 [main] INFO  testCases.TC_001AccountRegistrationTest - *****Finished TC_001AccountRegistrationTest****
22:10:47.626 [main] INFO  testCases.TC_002_LoginTest - ****Starting TC_002_LoginTest *****
22:10:48.277 [main] INFO  testCases.TC_002_LoginTest - Clicked on My Account
22:10:48.844 [main] INFO  testCases.TC_002_LoginTest - Clicked on Login Link
22:10:48.846 [main] INFO  testCases.TC_002_LoginTest - Providing login details
22:10:49.780 [main] INFO  testCases.TC_002_LoginTest - Clicked on Login button
22:10:49.852 [main] INFO  testCases.TC_002_LoginTest - ****Finished TC_002_LoginTest****
22:11:57.564 [main] INFO  testCases.TC_001AccountRegistrationTest - *****Starting TC_001AccountRegistrationTest**** 
22:11:58.139 [main] INFO  testCases.TC_001AccountRegistrationTest - Clicked on My Account link
22:11:58.878 [main] INFO  testCases.TC_001AccountRegistrationTest - Clicked on My Register link
22:11:58.887 [main] INFO  testCases.TC_001AccountRegistrationTest - Providing Customer data
22:12:02.523 [main] INFO  testCases.TC_001AccountRegistrationTest - Clicked Continue
22:12:02.577 [main] INFO  testCases.TC_001AccountRegistrationTest - Validating expected message
22:12:02.579 [main] INFO  testCases.TC_001AccountRegistrationTest - *****Finished TC_001AccountRegistrationTest****
22:12:45.200 [main] INFO  testCases.TC_001AccountRegistrationTest - *****Starting TC_001AccountRegistrationTest**** 
22:12:45.508 [main] INFO  testCases.TC_001AccountRegistrationTest - Clicked on My Account link
22:12:46.242 [main] INFO  testCases.TC_001AccountRegistrationTest - Clicked on My Register link
22:12:46.259 [main] INFO  testCases.TC_001AccountRegistrationTest - Providing Customer data
22:12:50.051 [main] INFO  testCases.TC_001AccountRegistrationTest - Clicked Continue
22:12:50.106 [main] INFO  testCases.TC_001AccountRegistrationTest - Validating expected message
22:14:42.255 [main] INFO  testCases.TC_001AccountRegistrationTest - *****Starting TC_001AccountRegistrationTest**** 
22:14:42.496 [main] INFO  testCases.TC_001AccountRegistrationTest - Clicked on My Account link
22:14:43.161 [main] INFO  testCases.TC_001AccountRegistrationTest - Clicked on My Register link
22:14:43.177 [main] INFO  testCases.TC_001AccountRegistrationTest - Providing Customer data
22:14:46.800 [main] INFO  testCases.TC_001AccountRegistrationTest - Clicked Continue
22:14:46.859 [main] INFO  testCases.TC_001AccountRegistrationTest - Validating expected message
22:14:46.863 [main] INFO  testCases.TC_001AccountRegistrationTest - *****Finished TC_001AccountRegistrationTest****
22:14:49.719 [main] INFO  testCases.TC_002_LoginTest - ****Starting TC_002_LoginTest *****
22:14:50.273 [main] INFO  testCases.TC_002_LoginTest - Clicked on My Account
22:14:50.854 [main] INFO  testCases.TC_002_LoginTest - Clicked on Login Link
22:14:50.859 [main] INFO  testCases.TC_002_LoginTest - Providing login details
22:14:51.689 [main] INFO  testCases.TC_002_LoginTest - Clicked on Login button
22:16:42.434 [main] INFO  testCases.TC_002_LoginTest - ****Starting TC_002_LoginTest *****
22:16:42.810 [main] INFO  testCases.TC_002_LoginTest - Clicked on My Account
22:16:43.466 [main] INFO  testCases.TC_002_LoginTest - Clicked on Login Link
22:16:43.470 [main] INFO  testCases.TC_002_LoginTest - Providing login details
22:16:44.355 [main] INFO  testCases.TC_002_LoginTest - Clicked on Login button
00:40:17.339 [main] INFO  testCases.TC_002_LoginTest - ****Starting TC_002_LoginTest *****
00:40:17.470 [main] INFO  testCases.TC_002_LoginTest - Clicked on My Account
00:40:18.029 [main] INFO  testCases.TC_002_LoginTest - Clicked on Login Link
00:40:18.034 [main] INFO  testCases.TC_002_LoginTest - Providing login details
00:40:18.998 [main] INFO  testCases.TC_002_LoginTest - Clicked on Login button
00:40:19.088 [main] INFO  testCases.TC_002_LoginTest - ****Finished TC_002_LoginTest****
13:06:31.881 [main] INFO  testCases.TC_003_LoginDDT - ***Starting test_loginDDT***
13:06:35.111 [main] INFO  testCases.TC_003_LoginDDT - ***Finished test_loginDDT***
13:06:35.165 [main] INFO  testCases.TC_003_LoginDDT - ***Starting test_loginDDT***
13:06:46.664 [main] INFO  testCases.TC_003_LoginDDT - ***Finished test_loginDDT***
13:06:46.668 [main] INFO  testCases.TC_003_LoginDDT - ***Starting test_loginDDT***
13:06:58.027 [main] INFO  testCases.TC_003_LoginDDT - ***Finished test_loginDDT***
13:06:58.031 [main] INFO  testCases.TC_003_LoginDDT - ***Starting test_loginDDT***
13:07:09.486 [main] INFO  testCases.TC_003_LoginDDT - ***Finished test_loginDDT***
13:07:09.490 [main] INFO  testCases.TC_003_LoginDDT - ***Starting test_loginDDT***
13:08:49.347 [TestNG-tests-1] INFO  testCases.TC_001AccountRegistrationTest - *****Starting TC_001AccountRegistrationTest**** 
13:08:50.077 [TestNG-tests-1] INFO  testCases.TC_001AccountRegistrationTest - Clicked on My Account link
13:08:51.080 [TestNG-tests-1] INFO  testCases.TC_001AccountRegistrationTest - Clicked on My Register link
13:08:51.097 [TestNG-tests-1] INFO  testCases.TC_001AccountRegistrationTest - Providing Customer data
13:08:54.978 [TestNG-tests-1] INFO  testCases.TC_001AccountRegistrationTest - Clicked Continue
13:08:55.044 [TestNG-tests-1] INFO  testCases.TC_001AccountRegistrationTest - Validating expected message
13:08:55.047 [TestNG-tests-1] INFO  testCases.TC_001AccountRegistrationTest - *****Finished TC_001AccountRegistrationTest****
13:13:51.873 [TestNG-tests-1] INFO  testCases.TC_001AccountRegistrationTest - *****Starting TC_001AccountRegistrationTest**** 
13:13:52.576 [TestNG-tests-1] INFO  testCases.TC_001AccountRegistrationTest - Clicked on My Account link
13:13:53.281 [TestNG-tests-1] INFO  testCases.TC_001AccountRegistrationTest - Clicked on My Register link
13:13:53.305 [TestNG-tests-1] INFO  testCases.TC_001AccountRegistrationTest - Providing Customer data
13:13:56.955 [TestNG-tests-1] INFO  testCases.TC_001AccountRegistrationTest - Clicked Continue
13:13:57.015 [TestNG-tests-1] INFO  testCases.TC_001AccountRegistrationTest - Validating expected message
13:13:57.018 [TestNG-tests-1] INFO  testCases.TC_001AccountRegistrationTest - *****Finished TC_001AccountRegistrationTest****
13:15:02.859 [main] INFO  testCases.TC_003_LoginDDT - ***Starting test_loginDDT***
13:15:05.370 [main] INFO  testCases.TC_003_LoginDDT - ***Finished test_loginDDT***
13:15:05.407 [main] INFO  testCases.TC_003_LoginDDT - ***Starting test_loginDDT***
13:15:16.845 [main] INFO  testCases.TC_003_LoginDDT - ***Finished test_loginDDT***
13:15:16.849 [main] INFO  testCases.TC_003_LoginDDT - ***Starting test_loginDDT***
